activation conda
activation env
args.shard_index: 4
原始数据加载完成，共 429914 条记录
model A start training index: 4
./taxi_dat
<class 'dict'>
[75826, 15234, 62953, 46572, 63665, 29084, 70015, 39989, 76337, 75901]
slice 1 contain 27387 data
start training . . . . 
Shard 4-5, Slice 1/3, Epoch 1 completed, Avg Loss: 40.4238
Shard 4-5, Slice 1/3, Epoch 2 completed, Avg Loss: 20.1123
Shard 4-5, Slice 1/3, Epoch 3 completed, Avg Loss: 14.7188
Shard 4-5, Slice 1/3, Epoch 4 completed, Avg Loss: 12.9341
Shard 4-5, Slice 1/3, Epoch 5 completed, Avg Loss: 12.5213
Shard 4-5, Slice 1/3, Epoch 6 completed, Avg Loss: 11.0505
Shard 4-5, Slice 1/3, Epoch 7 completed, Avg Loss: 10.2441
Shard 4-5, Slice 1/3, Epoch 8 completed, Avg Loss: 9.4783
Shard 4-5, Slice 1/3, Epoch 9 completed, Avg Loss: 10.9913
Shard 4-5, Slice 1/3, Epoch 10 completed, Avg Loss: 9.4120
Shard 4-5, Slice 1/3, Epoch 11 completed, Avg Loss: 9.0727
Shard 4-5, Slice 1/3, Epoch 12 completed, Avg Loss: 8.9072
Shard 4-5, Slice 1/3, Epoch 13 completed, Avg Loss: 9.5946
Shard 4-5, Slice 1/3, Epoch 14 completed, Avg Loss: 9.2709
Shard 4-5, Slice 1/3, Epoch 15 completed, Avg Loss: 8.3528
Shard 4-5, Slice 1/3, Epoch 16 completed, Avg Loss: 7.9622
Shard 4-5, Slice 1/3, Epoch 17 completed, Avg Loss: 8.0824
Shard 4-5, Slice 1/3, Epoch 18 completed, Avg Loss: 8.3126
Shard 4-5, Slice 1/3, Epoch 19 completed, Avg Loss: 8.2850
Shard 4-5, Slice 1/3, Epoch 20 completed, Avg Loss: 8.1163
Shard 4-5, Slice 1/3, Epoch 21 completed, Avg Loss: 8.0715
Shard 4-5, Slice 1/3, Epoch 22 completed, Avg Loss: 8.0113
Shard 4-5, Slice 1/3, Epoch 23 completed, Avg Loss: 8.1498
Shard 4-5, Slice 1/3, Epoch 24 completed, Avg Loss: 7.8819
Shard 4-5, Slice 1/3, Epoch 25 completed, Avg Loss: 7.7613
Shard 4-5, Slice 1/3, Epoch 26 completed, Avg Loss: 7.9529
Shard 4-5, Slice 1/3, Epoch 27 completed, Avg Loss: 8.2523
Shard 4-5, Slice 1/3, Epoch 28 completed, Avg Loss: 7.7664
Shard 4-5, Slice 1/3, Epoch 29 completed, Avg Loss: 7.6268
Shard 4-5, Slice 1/3, Epoch 30 completed, Avg Loss: 7.5276
Shard 4-5, Slice 1/3, Epoch 31 completed, Avg Loss: 7.2424
Shard 4-5, Slice 1/3, Epoch 32 completed, Avg Loss: 7.3556
Shard 4-5, Slice 1/3, Epoch 33 completed, Avg Loss: 7.3768
Shard 4-5, Slice 1/3, Epoch 34 completed, Avg Loss: 7.6586
Shard 4-5, Slice 1/3, Epoch 35 completed, Avg Loss: 7.4952
Shard 4-5, Slice 1/3, Epoch 36 completed, Avg Loss: 7.2318
Shard 4-5, Slice 1/3, Epoch 37 completed, Avg Loss: 7.1971
Shard 4-5, Slice 1/3, Epoch 38 completed, Avg Loss: 7.0732
Shard 4-5, Slice 1/3, Epoch 39 completed, Avg Loss: 6.9333
Shard 4-5, Slice 1/3, Epoch 40 completed, Avg Loss: 7.0449
Intermediate model for Shard 4, Slice 1 saved.
[7040, 27844, 34314, 59858, 65335, 68393, 69708, 1001, 25404, 37121]
slice 2 contain 52374 data
start training . . . . 
Shard 4-5, Slice 2/3, Epoch 1 completed, Avg Loss: 8.1631
Shard 4-5, Slice 2/3, Epoch 2 completed, Avg Loss: 8.6914
Shard 4-5, Slice 2/3, Epoch 3 completed, Avg Loss: 8.1712
Shard 4-5, Slice 2/3, Epoch 4 completed, Avg Loss: 7.6618
Shard 4-5, Slice 2/3, Epoch 5 completed, Avg Loss: 7.9773
Shard 4-5, Slice 2/3, Epoch 6 completed, Avg Loss: 8.0327
Shard 4-5, Slice 2/3, Epoch 7 completed, Avg Loss: 7.7414
Shard 4-5, Slice 2/3, Epoch 8 completed, Avg Loss: 7.9546
Shard 4-5, Slice 2/3, Epoch 9 completed, Avg Loss: 8.1970
Shard 4-5, Slice 2/3, Epoch 10 completed, Avg Loss: 9.5105
Shard 4-5, Slice 2/3, Epoch 11 completed, Avg Loss: 8.5321
Shard 4-5, Slice 2/3, Epoch 12 completed, Avg Loss: 8.2206
Shard 4-5, Slice 2/3, Epoch 13 completed, Avg Loss: 8.2036
Shard 4-5, Slice 2/3, Epoch 14 completed, Avg Loss: 7.7746
Epoch 00055: reducing learning rate of group 0 to 2.0000e-04.
Shard 4-5, Slice 2/3, Epoch 15 completed, Avg Loss: 7.5466
Shard 4-5, Slice 2/3, Epoch 16 completed, Avg Loss: 6.3253
Shard 4-5, Slice 2/3, Epoch 17 completed, Avg Loss: 6.0406
Shard 4-5, Slice 2/3, Epoch 18 completed, Avg Loss: 5.8735
Shard 4-5, Slice 2/3, Epoch 19 completed, Avg Loss: 5.7790
Shard 4-5, Slice 2/3, Epoch 20 completed, Avg Loss: 5.6909
Shard 4-5, Slice 2/3, Epoch 21 completed, Avg Loss: 5.5986
Shard 4-5, Slice 2/3, Epoch 22 completed, Avg Loss: 5.5539
Shard 4-5, Slice 2/3, Epoch 23 completed, Avg Loss: 5.4427
Shard 4-5, Slice 2/3, Epoch 24 completed, Avg Loss: 5.4204
Shard 4-5, Slice 2/3, Epoch 25 completed, Avg Loss: 5.3664
Shard 4-5, Slice 2/3, Epoch 26 completed, Avg Loss: 5.3073
Shard 4-5, Slice 2/3, Epoch 27 completed, Avg Loss: 5.2654
Shard 4-5, Slice 2/3, Epoch 28 completed, Avg Loss: 5.1905
Shard 4-5, Slice 2/3, Epoch 29 completed, Avg Loss: 5.1332
Shard 4-5, Slice 2/3, Epoch 30 completed, Avg Loss: 5.0977
Shard 4-5, Slice 2/3, Epoch 31 completed, Avg Loss: 5.0818
Shard 4-5, Slice 2/3, Epoch 32 completed, Avg Loss: 5.0202
Shard 4-5, Slice 2/3, Epoch 33 completed, Avg Loss: 4.9881
Shard 4-5, Slice 2/3, Epoch 34 completed, Avg Loss: 4.9558
Shard 4-5, Slice 2/3, Epoch 35 completed, Avg Loss: 4.9044
Shard 4-5, Slice 2/3, Epoch 36 completed, Avg Loss: 4.8848
Shard 4-5, Slice 2/3, Epoch 37 completed, Avg Loss: 4.8548
Shard 4-5, Slice 2/3, Epoch 38 completed, Avg Loss: 4.8372
Shard 4-5, Slice 2/3, Epoch 39 completed, Avg Loss: 4.8268
Shard 4-5, Slice 2/3, Epoch 40 completed, Avg Loss: 4.7679
Shard 4-5, Slice 2/3, Epoch 41 completed, Avg Loss: 4.7302
Shard 4-5, Slice 2/3, Epoch 42 completed, Avg Loss: 4.6980
Shard 4-5, Slice 2/3, Epoch 43 completed, Avg Loss: 4.6870
Shard 4-5, Slice 2/3, Epoch 44 completed, Avg Loss: 4.6625
Shard 4-5, Slice 2/3, Epoch 45 completed, Avg Loss: 4.6422
Shard 4-5, Slice 2/3, Epoch 46 completed, Avg Loss: 4.6095
Shard 4-5, Slice 2/3, Epoch 47 completed, Avg Loss: 4.6073
Shard 4-5, Slice 2/3, Epoch 48 completed, Avg Loss: 4.5502
Shard 4-5, Slice 2/3, Epoch 49 completed, Avg Loss: 4.5407
Shard 4-5, Slice 2/3, Epoch 50 completed, Avg Loss: 4.5590
Shard 4-5, Slice 2/3, Epoch 51 completed, Avg Loss: 4.5299
Shard 4-5, Slice 2/3, Epoch 52 completed, Avg Loss: 4.4917
Shard 4-5, Slice 2/3, Epoch 53 completed, Avg Loss: 4.4800
Shard 4-5, Slice 2/3, Epoch 54 completed, Avg Loss: 4.4691
Shard 4-5, Slice 2/3, Epoch 55 completed, Avg Loss: 4.4366
Shard 4-5, Slice 2/3, Epoch 56 completed, Avg Loss: 4.4331
Shard 4-5, Slice 2/3, Epoch 57 completed, Avg Loss: 4.3910
Shard 4-5, Slice 2/3, Epoch 58 completed, Avg Loss: 4.3755
Shard 4-5, Slice 2/3, Epoch 59 completed, Avg Loss: 4.3534
Shard 4-5, Slice 2/3, Epoch 60 completed, Avg Loss: 4.3339
Shard 4-5, Slice 2/3, Epoch 61 completed, Avg Loss: 4.3230
Shard 4-5, Slice 2/3, Epoch 62 completed, Avg Loss: 4.3392
Shard 4-5, Slice 2/3, Epoch 63 completed, Avg Loss: 4.2960
Shard 4-5, Slice 2/3, Epoch 64 completed, Avg Loss: 4.2857
Shard 4-5, Slice 2/3, Epoch 65 completed, Avg Loss: 4.2650
Shard 4-5, Slice 2/3, Epoch 66 completed, Avg Loss: 4.2318
Shard 4-5, Slice 2/3, Epoch 67 completed, Avg Loss: 4.2321
Shard 4-5, Slice 2/3, Epoch 68 completed, Avg Loss: 4.2411
Shard 4-5, Slice 2/3, Epoch 69 completed, Avg Loss: 4.1977
Shard 4-5, Slice 2/3, Epoch 70 completed, Avg Loss: 4.1808
Shard 4-5, Slice 2/3, Epoch 71 completed, Avg Loss: 4.1756
Shard 4-5, Slice 2/3, Epoch 72 completed, Avg Loss: 4.1768
Shard 4-5, Slice 2/3, Epoch 73 completed, Avg Loss: 4.1529
Shard 4-5, Slice 2/3, Epoch 74 completed, Avg Loss: 4.1244
Shard 4-5, Slice 2/3, Epoch 75 completed, Avg Loss: 4.1296
Shard 4-5, Slice 2/3, Epoch 76 completed, Avg Loss: 4.0964
Shard 4-5, Slice 2/3, Epoch 77 completed, Avg Loss: 4.0915
Shard 4-5, Slice 2/3, Epoch 78 completed, Avg Loss: 4.0690
Shard 4-5, Slice 2/3, Epoch 79 completed, Avg Loss: 4.0641
Shard 4-5, Slice 2/3, Epoch 80 completed, Avg Loss: 4.0528
Intermediate model for Shard 4, Slice 2 saved.
[67711, 72562, 64171, 45576, 67028, 28049, 68136, 62247, 59393, 61263]
slice 3 contain 77308 data
start training . . . . 
Shard 4-5, Slice 3/3, Epoch 1 completed, Avg Loss: 4.4100
Shard 4-5, Slice 3/3, Epoch 2 completed, Avg Loss: 4.3306
Shard 4-5, Slice 3/3, Epoch 3 completed, Avg Loss: 4.2839
Shard 4-5, Slice 3/3, Epoch 4 completed, Avg Loss: 4.2558
Shard 4-5, Slice 3/3, Epoch 5 completed, Avg Loss: 4.2537
Shard 4-5, Slice 3/3, Epoch 6 completed, Avg Loss: 4.2005
Shard 4-5, Slice 3/3, Epoch 7 completed, Avg Loss: 4.1712
Shard 4-5, Slice 3/3, Epoch 8 completed, Avg Loss: 4.1407
Shard 4-5, Slice 3/3, Epoch 9 completed, Avg Loss: 4.1511
Shard 4-5, Slice 3/3, Epoch 10 completed, Avg Loss: 4.1118
Shard 4-5, Slice 3/3, Epoch 11 completed, Avg Loss: 4.0829
Shard 4-5, Slice 3/3, Epoch 12 completed, Avg Loss: 4.0715
Shard 4-5, Slice 3/3, Epoch 13 completed, Avg Loss: 4.0502
Shard 4-5, Slice 3/3, Epoch 14 completed, Avg Loss: 4.0238
Shard 4-5, Slice 3/3, Epoch 15 completed, Avg Loss: 4.0044
Shard 4-5, Slice 3/3, Epoch 16 completed, Avg Loss: 3.9906
Shard 4-5, Slice 3/3, Epoch 17 completed, Avg Loss: 3.9678
Shard 4-5, Slice 3/3, Epoch 18 completed, Avg Loss: 3.9488
Shard 4-5, Slice 3/3, Epoch 19 completed, Avg Loss: 3.9448
Shard 4-5, Slice 3/3, Epoch 20 completed, Avg Loss: 3.9142
Shard 4-5, Slice 3/3, Epoch 21 completed, Avg Loss: 3.9160
Shard 4-5, Slice 3/3, Epoch 22 completed, Avg Loss: 3.8950
Shard 4-5, Slice 3/3, Epoch 23 completed, Avg Loss: 3.8498
Shard 4-5, Slice 3/3, Epoch 24 completed, Avg Loss: 3.8511
Shard 4-5, Slice 3/3, Epoch 25 completed, Avg Loss: 3.8303
Shard 4-5, Slice 3/3, Epoch 26 completed, Avg Loss: 3.8405
Shard 4-5, Slice 3/3, Epoch 27 completed, Avg Loss: 3.8101
Shard 4-5, Slice 3/3, Epoch 28 completed, Avg Loss: 3.7763
Shard 4-5, Slice 3/3, Epoch 29 completed, Avg Loss: 3.7685
Shard 4-5, Slice 3/3, Epoch 30 completed, Avg Loss: 3.7678
Shard 4-5, Slice 3/3, Epoch 31 completed, Avg Loss: 3.7556
Shard 4-5, Slice 3/3, Epoch 32 completed, Avg Loss: 3.7305
Shard 4-5, Slice 3/3, Epoch 33 completed, Avg Loss: 3.7227
Shard 4-5, Slice 3/3, Epoch 34 completed, Avg Loss: 3.7089
Shard 4-5, Slice 3/3, Epoch 35 completed, Avg Loss: 3.6841
Shard 4-5, Slice 3/3, Epoch 36 completed, Avg Loss: 3.6901
Shard 4-5, Slice 3/3, Epoch 37 completed, Avg Loss: 3.6441
Shard 4-5, Slice 3/3, Epoch 38 completed, Avg Loss: 3.6371
Shard 4-5, Slice 3/3, Epoch 39 completed, Avg Loss: 3.6230
Shard 4-5, Slice 3/3, Epoch 40 completed, Avg Loss: 3.6082
Shard 4-5, Slice 3/3, Epoch 41 completed, Avg Loss: 3.5968
Shard 4-5, Slice 3/3, Epoch 42 completed, Avg Loss: 3.5938
Shard 4-5, Slice 3/3, Epoch 43 completed, Avg Loss: 3.5694
Shard 4-5, Slice 3/3, Epoch 44 completed, Avg Loss: 3.5599
Shard 4-5, Slice 3/3, Epoch 45 completed, Avg Loss: 3.5477
Shard 4-5, Slice 3/3, Epoch 46 completed, Avg Loss: 3.5198
Shard 4-5, Slice 3/3, Epoch 47 completed, Avg Loss: 3.5168
Shard 4-5, Slice 3/3, Epoch 48 completed, Avg Loss: 3.5034
Shard 4-5, Slice 3/3, Epoch 49 completed, Avg Loss: 3.4846
Shard 4-5, Slice 3/3, Epoch 50 completed, Avg Loss: 3.4707
Shard 4-5, Slice 3/3, Epoch 51 completed, Avg Loss: 3.4814
Shard 4-5, Slice 3/3, Epoch 52 completed, Avg Loss: 3.4680
Shard 4-5, Slice 3/3, Epoch 53 completed, Avg Loss: 3.4694
Shard 4-5, Slice 3/3, Epoch 54 completed, Avg Loss: 3.4775
Shard 4-5, Slice 3/3, Epoch 55 completed, Avg Loss: 3.4569
Shard 4-5, Slice 3/3, Epoch 56 completed, Avg Loss: 3.4407
Shard 4-5, Slice 3/3, Epoch 57 completed, Avg Loss: 3.4119
Shard 4-5, Slice 3/3, Epoch 58 completed, Avg Loss: 3.3981
Shard 4-5, Slice 3/3, Epoch 59 completed, Avg Loss: 3.3932
Shard 4-5, Slice 3/3, Epoch 60 completed, Avg Loss: 3.3696
Shard 4-5, Slice 3/3, Epoch 61 completed, Avg Loss: 3.3716
Shard 4-5, Slice 3/3, Epoch 62 completed, Avg Loss: 3.3472
Shard 4-5, Slice 3/3, Epoch 63 completed, Avg Loss: 3.3311
Shard 4-5, Slice 3/3, Epoch 64 completed, Avg Loss: 3.3186
Shard 4-5, Slice 3/3, Epoch 65 completed, Avg Loss: 3.3156
Shard 4-5, Slice 3/3, Epoch 66 completed, Avg Loss: 3.2917
Shard 4-5, Slice 3/3, Epoch 67 completed, Avg Loss: 3.2813
Shard 4-5, Slice 3/3, Epoch 68 completed, Avg Loss: 3.2618
Shard 4-5, Slice 3/3, Epoch 69 completed, Avg Loss: 3.2589
Shard 4-5, Slice 3/3, Epoch 70 completed, Avg Loss: 3.2354
Shard 4-5, Slice 3/3, Epoch 71 completed, Avg Loss: 3.2286
Shard 4-5, Slice 3/3, Epoch 72 completed, Avg Loss: 3.2302
Shard 4-5, Slice 3/3, Epoch 73 completed, Avg Loss: 3.2063
Shard 4-5, Slice 3/3, Epoch 74 completed, Avg Loss: 3.1942
Shard 4-5, Slice 3/3, Epoch 75 completed, Avg Loss: 3.1709
Shard 4-5, Slice 3/3, Epoch 76 completed, Avg Loss: 3.1595
Shard 4-5, Slice 3/3, Epoch 77 completed, Avg Loss: 3.1721
Shard 4-5, Slice 3/3, Epoch 78 completed, Avg Loss: 3.1693
Shard 4-5, Slice 3/3, Epoch 79 completed, Avg Loss: 3.1399
Shard 4-5, Slice 3/3, Epoch 80 completed, Avg Loss: 3.1272
Shard 4-5, Slice 3/3, Epoch 81 completed, Avg Loss: 3.1037
Shard 4-5, Slice 3/3, Epoch 82 completed, Avg Loss: 3.2438
Shard 4-5, Slice 3/3, Epoch 83 completed, Avg Loss: 3.2373
Shard 4-5, Slice 3/3, Epoch 84 completed, Avg Loss: 3.2071
Shard 4-5, Slice 3/3, Epoch 85 completed, Avg Loss: 3.1482
Shard 4-5, Slice 3/3, Epoch 86 completed, Avg Loss: 3.0791
Shard 4-5, Slice 3/3, Epoch 87 completed, Avg Loss: 3.0623
Shard 4-5, Slice 3/3, Epoch 88 completed, Avg Loss: 3.0554
Shard 4-5, Slice 3/3, Epoch 89 completed, Avg Loss: 3.0400
Shard 4-5, Slice 3/3, Epoch 90 completed, Avg Loss: 3.0138
Shard 4-5, Slice 3/3, Epoch 91 completed, Avg Loss: 3.0155
Shard 4-5, Slice 3/3, Epoch 92 completed, Avg Loss: 3.0109
Shard 4-5, Slice 3/3, Epoch 93 completed, Avg Loss: 2.9896
Shard 4-5, Slice 3/3, Epoch 94 completed, Avg Loss: 2.9928
Shard 4-5, Slice 3/3, Epoch 95 completed, Avg Loss: 3.0906
Shard 4-5, Slice 3/3, Epoch 96 completed, Avg Loss: 3.0401
Shard 4-5, Slice 3/3, Epoch 97 completed, Avg Loss: 3.0161
Shard 4-5, Slice 3/3, Epoch 98 completed, Avg Loss: 3.0533
Shard 4-5, Slice 3/3, Epoch 99 completed, Avg Loss: 3.0068
Shard 4-5, Slice 3/3, Epoch 100 completed, Avg Loss: 3.0088
Shard 4-5, Slice 3/3, Epoch 101 completed, Avg Loss: 3.0051
Shard 4-5, Slice 3/3, Epoch 102 completed, Avg Loss: 2.9847
Shard 4-5, Slice 3/3, Epoch 103 completed, Avg Loss: 2.9784
Shard 4-5, Slice 3/3, Epoch 104 completed, Avg Loss: 2.9516
Shard 4-5, Slice 3/3, Epoch 105 completed, Avg Loss: 2.9665
Shard 4-5, Slice 3/3, Epoch 106 completed, Avg Loss: 2.9431
Shard 4-5, Slice 3/3, Epoch 107 completed, Avg Loss: 2.9364
Shard 4-5, Slice 3/3, Epoch 108 completed, Avg Loss: 2.8997
Shard 4-5, Slice 3/3, Epoch 109 completed, Avg Loss: 2.9028
Shard 4-5, Slice 3/3, Epoch 110 completed, Avg Loss: 2.9002
Shard 4-5, Slice 3/3, Epoch 111 completed, Avg Loss: 2.8985
Shard 4-5, Slice 3/3, Epoch 112 completed, Avg Loss: 2.8624
Shard 4-5, Slice 3/3, Epoch 113 completed, Avg Loss: 2.8390
Shard 4-5, Slice 3/3, Epoch 114 completed, Avg Loss: 2.8396
Shard 4-5, Slice 3/3, Epoch 115 completed, Avg Loss: 2.8447
Shard 4-5, Slice 3/3, Epoch 116 completed, Avg Loss: 2.8456
Shard 4-5, Slice 3/3, Epoch 117 completed, Avg Loss: 2.8234
Shard 4-5, Slice 3/3, Epoch 118 completed, Avg Loss: 2.8202
Shard 4-5, Slice 3/3, Epoch 119 completed, Avg Loss: 2.8190
Shard 4-5, Slice 3/3, Epoch 120 completed, Avg Loss: 2.8189
Intermediate model for Shard 4, Slice 3 saved.
Final model for Shard 4 saved.
args.shard_index: 4
原始数据加载完成，共 429914 条记录
loss model start training index: 4
1680
提取 Shard 4 中的全部数据
dataset_len
加载的 Error DataFrame 示例：
                                             lat_grid  ... final_grid_label
34  [460, 459, 459, 459, 459, 459, 459, 459, 459, ...  ...           [2, 6]
35  [458, 458, 458, 458, 458, 458, 458, 457, 457, ...  ...           [4, 8]

[2 rows x 3 columns]
