/home/goux/.local/lib/python3.9/site-packages/torch/optim/lr_scheduler.py:60: UserWarning: The verbose parameter is deprecated. Please use get_last_lr() to access the learning rate.
  warnings.warn(
/ibex/user/goux/project/traj_mu/traj_mu/my_dataset.py:10: FutureWarning: DataFrame.applymap has been deprecated. Use DataFrame.map instead.
  self.x_data = df[['lat_grid', 'lng_grid']].applymap(eval).values
/ibex/user/goux/project/traj_mu/traj_mu/my_dataset.py:10: FutureWarning: DataFrame.applymap has been deprecated. Use DataFrame.map instead.
  self.x_data = df[['lat_grid', 'lng_grid']].applymap(eval).values
/ibex/user/goux/project/traj_mu/traj_mu/my_dataset.py:10: FutureWarning: DataFrame.applymap has been deprecated. Use DataFrame.map instead.
  self.x_data = df[['lat_grid', 'lng_grid']].applymap(eval).values
/ibex/user/goux/project/traj_mu/traj_mu/my_dataset.py:10: FutureWarning: DataFrame.applymap has been deprecated. Use DataFrame.map instead.
  self.x_data = df[['lat_grid', 'lng_grid']].applymap(eval).values
/ibex/user/goux/project/traj_mu/traj_mu/my_dataset.py:11: SettingWithCopyWarning: 
A value is trying to be set on a copy of a slice from a DataFrame.
Try using .loc[row_indexer,col_indexer] = value instead

See the caveats in the documentation: https://pandas.pydata.org/pandas-docs/stable/user_guide/indexing.html#returning-a-view-versus-a-copy
  df['final_grid_label'] = df['final_grid_label'].apply(lambda x: eval(x))
/ibex/user/goux/project/traj_mu/traj_mu/3_2_SISA_Random_Sort_Shard_Loss_weight_training.py:55: FutureWarning: You are using `torch.load` with `weights_only=False` (the current default value), which uses the default pickle module implicitly. It is possible to construct malicious pickle data which will execute arbitrary code during unpickling (See https://github.com/pytorch/pytorch/blob/main/SECURITY.md#untrusted-models for more details). In a future release, the default value for `weights_only` will be flipped to `True`. This limits the functions that could be executed during unpickling. Arbitrary objects will no longer be allowed to be loaded via this mode unless they are explicitly allowlisted by the user via `torch.serialization.add_safe_globals`. We recommend you start setting `weights_only=True` for any use case where you don't have full control of the loaded file. Please open an issue on GitHub for any issues related to this experimental feature.
  model_A.load_state_dict(torch.load(f"{model_A_path}/final_model_shard-idx_{shard_index}_shard-num_{num_shards}.pth"))
/ibex/user/goux/project/traj_mu/traj_mu/my_dataset.py:10: FutureWarning: DataFrame.applymap has been deprecated. Use DataFrame.map instead.
  self.x_data = df[['lat_grid', 'lng_grid']].applymap(eval).values
/home/goux/.local/lib/python3.9/site-packages/torch/optim/lr_scheduler.py:60: UserWarning: The verbose parameter is deprecated. Please use get_last_lr() to access the learning rate.
  warnings.warn(
