args.shard_index: 2
原始数据加载完成，共 429914 条记录
model A start training index: 2
./taxi_dat
<class 'dict'>
[65738, 39469, 70172, 62601, 74113, 39091, 1074, 72191, 5959, 36400]
slice 1 contain 27313 data
start training . . . . 
Shard 2-5, Slice 1/3, Epoch 1 completed, Avg Loss: 42.0446
Shard 2-5, Slice 1/3, Epoch 2 completed, Avg Loss: 22.0677
Shard 2-5, Slice 1/3, Epoch 3 completed, Avg Loss: 16.9015
Shard 2-5, Slice 1/3, Epoch 4 completed, Avg Loss: 13.7575
Shard 2-5, Slice 1/3, Epoch 5 completed, Avg Loss: 12.0451
Shard 2-5, Slice 1/3, Epoch 6 completed, Avg Loss: 11.4670
Shard 2-5, Slice 1/3, Epoch 7 completed, Avg Loss: 10.3399
Shard 2-5, Slice 1/3, Epoch 8 completed, Avg Loss: 9.6628
Shard 2-5, Slice 1/3, Epoch 9 completed, Avg Loss: 9.0191
Shard 2-5, Slice 1/3, Epoch 10 completed, Avg Loss: 9.1064
Shard 2-5, Slice 1/3, Epoch 11 completed, Avg Loss: 8.5826
Shard 2-5, Slice 1/3, Epoch 12 completed, Avg Loss: 8.3085
Shard 2-5, Slice 1/3, Epoch 13 completed, Avg Loss: 8.1054
Shard 2-5, Slice 1/3, Epoch 14 completed, Avg Loss: 7.8270
Shard 2-5, Slice 1/3, Epoch 15 completed, Avg Loss: 7.7459
Shard 2-5, Slice 1/3, Epoch 16 completed, Avg Loss: 7.6287
Shard 2-5, Slice 1/3, Epoch 17 completed, Avg Loss: 7.6657
Shard 2-5, Slice 1/3, Epoch 18 completed, Avg Loss: 7.4652
Shard 2-5, Slice 1/3, Epoch 19 completed, Avg Loss: 7.6555
Shard 2-5, Slice 1/3, Epoch 20 completed, Avg Loss: 7.4886
Shard 2-5, Slice 1/3, Epoch 21 completed, Avg Loss: 7.1761
Shard 2-5, Slice 1/3, Epoch 22 completed, Avg Loss: 7.4965
Shard 2-5, Slice 1/3, Epoch 23 completed, Avg Loss: 7.3882
Shard 2-5, Slice 1/3, Epoch 24 completed, Avg Loss: 7.3588
Shard 2-5, Slice 1/3, Epoch 25 completed, Avg Loss: 7.2291
Shard 2-5, Slice 1/3, Epoch 26 completed, Avg Loss: 7.1735
Shard 2-5, Slice 1/3, Epoch 27 completed, Avg Loss: 7.0130
Shard 2-5, Slice 1/3, Epoch 28 completed, Avg Loss: 7.2397
Shard 2-5, Slice 1/3, Epoch 29 completed, Avg Loss: 7.2845
Shard 2-5, Slice 1/3, Epoch 30 completed, Avg Loss: 7.1555
Shard 2-5, Slice 1/3, Epoch 31 completed, Avg Loss: 7.0580
Shard 2-5, Slice 1/3, Epoch 32 completed, Avg Loss: 6.9408
Shard 2-5, Slice 1/3, Epoch 33 completed, Avg Loss: 6.9076
Shard 2-5, Slice 1/3, Epoch 34 completed, Avg Loss: 6.9294
Shard 2-5, Slice 1/3, Epoch 35 completed, Avg Loss: 6.8187
Shard 2-5, Slice 1/3, Epoch 36 completed, Avg Loss: 6.8026
Shard 2-5, Slice 1/3, Epoch 37 completed, Avg Loss: 6.9646
Shard 2-5, Slice 1/3, Epoch 38 completed, Avg Loss: 7.0458
Shard 2-5, Slice 1/3, Epoch 39 completed, Avg Loss: 7.0055
Shard 2-5, Slice 1/3, Epoch 40 completed, Avg Loss: 6.7435
Intermediate model for Shard 2, Slice 1 saved.
[62504, 20640, 30647, 59101, 60252, 66690, 76685, 60071, 13028, 33829]
slice 2 contain 52166 data
start training . . . . 
Shard 2-5, Slice 2/3, Epoch 1 completed, Avg Loss: 7.5798
Shard 2-5, Slice 2/3, Epoch 2 completed, Avg Loss: 7.4703
Shard 2-5, Slice 2/3, Epoch 3 completed, Avg Loss: 7.3401
Shard 2-5, Slice 2/3, Epoch 4 completed, Avg Loss: 7.1890
Shard 2-5, Slice 2/3, Epoch 5 completed, Avg Loss: 6.9925
Shard 2-5, Slice 2/3, Epoch 6 completed, Avg Loss: 7.0542
Shard 2-5, Slice 2/3, Epoch 7 completed, Avg Loss: 6.9519
Shard 2-5, Slice 2/3, Epoch 8 completed, Avg Loss: 6.8847
Shard 2-5, Slice 2/3, Epoch 9 completed, Avg Loss: 6.8708
Shard 2-5, Slice 2/3, Epoch 10 completed, Avg Loss: 6.7995
Shard 2-5, Slice 2/3, Epoch 11 completed, Avg Loss: 6.7610
Shard 2-5, Slice 2/3, Epoch 12 completed, Avg Loss: 6.8463
Shard 2-5, Slice 2/3, Epoch 13 completed, Avg Loss: 6.8522
Shard 2-5, Slice 2/3, Epoch 14 completed, Avg Loss: 6.8493
Shard 2-5, Slice 2/3, Epoch 15 completed, Avg Loss: 6.8238
Shard 2-5, Slice 2/3, Epoch 16 completed, Avg Loss: 6.9060
Shard 2-5, Slice 2/3, Epoch 17 completed, Avg Loss: 5.8883
Shard 2-5, Slice 2/3, Epoch 18 completed, Avg Loss: 5.5758
Shard 2-5, Slice 2/3, Epoch 19 completed, Avg Loss: 5.4657
Shard 2-5, Slice 2/3, Epoch 20 completed, Avg Loss: 5.3831
Shard 2-5, Slice 2/3, Epoch 21 completed, Avg Loss: 5.2790
Shard 2-5, Slice 2/3, Epoch 22 completed, Avg Loss: 5.2255
Shard 2-5, Slice 2/3, Epoch 23 completed, Avg Loss: 5.1824
Shard 2-5, Slice 2/3, Epoch 24 completed, Avg Loss: 5.1299
Shard 2-5, Slice 2/3, Epoch 25 completed, Avg Loss: 5.0484
Shard 2-5, Slice 2/3, Epoch 26 completed, Avg Loss: 5.0152
Shard 2-5, Slice 2/3, Epoch 27 completed, Avg Loss: 4.9819
Shard 2-5, Slice 2/3, Epoch 28 completed, Avg Loss: 4.9275
Shard 2-5, Slice 2/3, Epoch 29 completed, Avg Loss: 4.9056
Shard 2-5, Slice 2/3, Epoch 30 completed, Avg Loss: 4.8944
Shard 2-5, Slice 2/3, Epoch 31 completed, Avg Loss: 4.8453
Shard 2-5, Slice 2/3, Epoch 32 completed, Avg Loss: 4.8070
Shard 2-5, Slice 2/3, Epoch 33 completed, Avg Loss: 4.7786
Shard 2-5, Slice 2/3, Epoch 34 completed, Avg Loss: 4.7465
Shard 2-5, Slice 2/3, Epoch 35 completed, Avg Loss: 4.7201
Shard 2-5, Slice 2/3, Epoch 36 completed, Avg Loss: 4.6771
Shard 2-5, Slice 2/3, Epoch 37 completed, Avg Loss: 4.6564
Shard 2-5, Slice 2/3, Epoch 38 completed, Avg Loss: 4.6210
Shard 2-5, Slice 2/3, Epoch 39 completed, Avg Loss: 4.5991
Shard 2-5, Slice 2/3, Epoch 40 completed, Avg Loss: 4.5550
Shard 2-5, Slice 2/3, Epoch 41 completed, Avg Loss: 4.5558
Shard 2-5, Slice 2/3, Epoch 42 completed, Avg Loss: 4.5262
Shard 2-5, Slice 2/3, Epoch 43 completed, Avg Loss: 4.4972
Shard 2-5, Slice 2/3, Epoch 44 completed, Avg Loss: 4.4578
Shard 2-5, Slice 2/3, Epoch 45 completed, Avg Loss: 4.4583
Shard 2-5, Slice 2/3, Epoch 46 completed, Avg Loss: 4.4210
Shard 2-5, Slice 2/3, Epoch 47 completed, Avg Loss: 4.4179
Shard 2-5, Slice 2/3, Epoch 48 completed, Avg Loss: 4.3979
Shard 2-5, Slice 2/3, Epoch 49 completed, Avg Loss: 4.3550
Shard 2-5, Slice 2/3, Epoch 50 completed, Avg Loss: 4.3494
Shard 2-5, Slice 2/3, Epoch 51 completed, Avg Loss: 4.3342
Shard 2-5, Slice 2/3, Epoch 52 completed, Avg Loss: 4.3160
Shard 2-5, Slice 2/3, Epoch 53 completed, Avg Loss: 4.2826
Shard 2-5, Slice 2/3, Epoch 54 completed, Avg Loss: 4.2584
Shard 2-5, Slice 2/3, Epoch 55 completed, Avg Loss: 4.2203
Shard 2-5, Slice 2/3, Epoch 56 completed, Avg Loss: 4.2040
Shard 2-5, Slice 2/3, Epoch 57 completed, Avg Loss: 4.1860
Shard 2-5, Slice 2/3, Epoch 58 completed, Avg Loss: 4.1733
Shard 2-5, Slice 2/3, Epoch 59 completed, Avg Loss: 4.1424
Shard 2-5, Slice 2/3, Epoch 60 completed, Avg Loss: 4.1396
Shard 2-5, Slice 2/3, Epoch 61 completed, Avg Loss: 4.1069
Shard 2-5, Slice 2/3, Epoch 62 completed, Avg Loss: 4.0982
Shard 2-5, Slice 2/3, Epoch 63 completed, Avg Loss: 4.0850
Shard 2-5, Slice 2/3, Epoch 64 completed, Avg Loss: 4.0821
Shard 2-5, Slice 2/3, Epoch 65 completed, Avg Loss: 4.0482
Shard 2-5, Slice 2/3, Epoch 66 completed, Avg Loss: 4.0371
Shard 2-5, Slice 2/3, Epoch 67 completed, Avg Loss: 4.0247
Shard 2-5, Slice 2/3, Epoch 68 completed, Avg Loss: 4.0055
Shard 2-5, Slice 2/3, Epoch 69 completed, Avg Loss: 3.9885
Shard 2-5, Slice 2/3, Epoch 70 completed, Avg Loss: 3.9989
Shard 2-5, Slice 2/3, Epoch 71 completed, Avg Loss: 3.9401
Shard 2-5, Slice 2/3, Epoch 72 completed, Avg Loss: 3.9255
Shard 2-5, Slice 2/3, Epoch 73 completed, Avg Loss: 3.9725
Shard 2-5, Slice 2/3, Epoch 74 completed, Avg Loss: 3.9055
Shard 2-5, Slice 2/3, Epoch 75 completed, Avg Loss: 3.8861
Shard 2-5, Slice 2/3, Epoch 76 completed, Avg Loss: 3.8769
Shard 2-5, Slice 2/3, Epoch 77 completed, Avg Loss: 3.8593
Shard 2-5, Slice 2/3, Epoch 78 completed, Avg Loss: 3.8389
Shard 2-5, Slice 2/3, Epoch 79 completed, Avg Loss: 3.8270
Shard 2-5, Slice 2/3, Epoch 80 completed, Avg Loss: 3.8040
Intermediate model for Shard 2, Slice 2 saved.
[61502, 40876, 61392, 64426, 68489, 59815, 63634, 34688, 78843, 72908]
slice 3 contain 77085 data
start training . . . . 
Shard 2-5, Slice 3/3, Epoch 1 completed, Avg Loss: 4.1979
Shard 2-5, Slice 3/3, Epoch 2 completed, Avg Loss: 4.1361
Shard 2-5, Slice 3/3, Epoch 3 completed, Avg Loss: 4.0874
Shard 2-5, Slice 3/3, Epoch 4 completed, Avg Loss: 4.0480
Shard 2-5, Slice 3/3, Epoch 5 completed, Avg Loss: 4.0308
Shard 2-5, Slice 3/3, Epoch 6 completed, Avg Loss: 3.9945
Shard 2-5, Slice 3/3, Epoch 7 completed, Avg Loss: 3.9661
Shard 2-5, Slice 3/3, Epoch 8 completed, Avg Loss: 3.9374
Shard 2-5, Slice 3/3, Epoch 9 completed, Avg Loss: 3.9218
Shard 2-5, Slice 3/3, Epoch 10 completed, Avg Loss: 3.8987
Shard 2-5, Slice 3/3, Epoch 11 completed, Avg Loss: 3.8592
Shard 2-5, Slice 3/3, Epoch 12 completed, Avg Loss: 3.8481
Shard 2-5, Slice 3/3, Epoch 13 completed, Avg Loss: 3.8317
Shard 2-5, Slice 3/3, Epoch 14 completed, Avg Loss: 3.8260
Shard 2-5, Slice 3/3, Epoch 15 completed, Avg Loss: 3.7930
Shard 2-5, Slice 3/3, Epoch 16 completed, Avg Loss: 3.7854
Shard 2-5, Slice 3/3, Epoch 17 completed, Avg Loss: 3.7476
Shard 2-5, Slice 3/3, Epoch 18 completed, Avg Loss: 3.7537
Shard 2-5, Slice 3/3, Epoch 19 completed, Avg Loss: 3.7214
Shard 2-5, Slice 3/3, Epoch 20 completed, Avg Loss: 3.7035
Shard 2-5, Slice 3/3, Epoch 21 completed, Avg Loss: 3.6786
Shard 2-5, Slice 3/3, Epoch 22 completed, Avg Loss: 3.6710
Shard 2-5, Slice 3/3, Epoch 23 completed, Avg Loss: 3.6422
Shard 2-5, Slice 3/3, Epoch 24 completed, Avg Loss: 3.6350
Shard 2-5, Slice 3/3, Epoch 25 completed, Avg Loss: 3.6244
Shard 2-5, Slice 3/3, Epoch 26 completed, Avg Loss: 3.6094
Shard 2-5, Slice 3/3, Epoch 27 completed, Avg Loss: 3.5807
Shard 2-5, Slice 3/3, Epoch 28 completed, Avg Loss: 3.5722
Shard 2-5, Slice 3/3, Epoch 29 completed, Avg Loss: 3.5766
Shard 2-5, Slice 3/3, Epoch 30 completed, Avg Loss: 3.5472
Shard 2-5, Slice 3/3, Epoch 31 completed, Avg Loss: 3.5302
Shard 2-5, Slice 3/3, Epoch 32 completed, Avg Loss: 3.5128
Shard 2-5, Slice 3/3, Epoch 33 completed, Avg Loss: 3.4985
Shard 2-5, Slice 3/3, Epoch 34 completed, Avg Loss: 3.4670
Shard 2-5, Slice 3/3, Epoch 35 completed, Avg Loss: 3.4590
Shard 2-5, Slice 3/3, Epoch 36 completed, Avg Loss: 3.4396
Shard 2-5, Slice 3/3, Epoch 37 completed, Avg Loss: 3.4286
Shard 2-5, Slice 3/3, Epoch 38 completed, Avg Loss: 3.4189
Shard 2-5, Slice 3/3, Epoch 39 completed, Avg Loss: 3.4161
Shard 2-5, Slice 3/3, Epoch 40 completed, Avg Loss: 3.4063
Shard 2-5, Slice 3/3, Epoch 41 completed, Avg Loss: 3.3855
Shard 2-5, Slice 3/3, Epoch 42 completed, Avg Loss: 3.3575
Shard 2-5, Slice 3/3, Epoch 43 completed, Avg Loss: 3.3506
Shard 2-5, Slice 3/3, Epoch 44 completed, Avg Loss: 3.3242
Shard 2-5, Slice 3/3, Epoch 45 completed, Avg Loss: 3.3256
Shard 2-5, Slice 3/3, Epoch 46 completed, Avg Loss: 3.3269
Shard 2-5, Slice 3/3, Epoch 47 completed, Avg Loss: 3.2947
Shard 2-5, Slice 3/3, Epoch 48 completed, Avg Loss: 3.2717
Shard 2-5, Slice 3/3, Epoch 49 completed, Avg Loss: 3.2715
Shard 2-5, Slice 3/3, Epoch 50 completed, Avg Loss: 3.2471
Shard 2-5, Slice 3/3, Epoch 51 completed, Avg Loss: 3.2425
Shard 2-5, Slice 3/3, Epoch 52 completed, Avg Loss: 3.2254
Shard 2-5, Slice 3/3, Epoch 53 completed, Avg Loss: 3.2068
Shard 2-5, Slice 3/3, Epoch 54 completed, Avg Loss: 3.1988
Shard 2-5, Slice 3/3, Epoch 55 completed, Avg Loss: 3.1701
Shard 2-5, Slice 3/3, Epoch 56 completed, Avg Loss: 3.1722
Shard 2-5, Slice 3/3, Epoch 57 completed, Avg Loss: 3.1677
Shard 2-5, Slice 3/3, Epoch 58 completed, Avg Loss: 3.1508
Shard 2-5, Slice 3/3, Epoch 59 completed, Avg Loss: 3.1205
Shard 2-5, Slice 3/3, Epoch 60 completed, Avg Loss: 3.1212
Shard 2-5, Slice 3/3, Epoch 61 completed, Avg Loss: 3.1270
Shard 2-5, Slice 3/3, Epoch 62 completed, Avg Loss: 3.0988
Shard 2-5, Slice 3/3, Epoch 63 completed, Avg Loss: 3.0879
Shard 2-5, Slice 3/3, Epoch 64 completed, Avg Loss: 3.0595
Shard 2-5, Slice 3/3, Epoch 65 completed, Avg Loss: 3.0697
Shard 2-5, Slice 3/3, Epoch 66 completed, Avg Loss: 3.0432
Shard 2-5, Slice 3/3, Epoch 67 completed, Avg Loss: 3.0291
Shard 2-5, Slice 3/3, Epoch 68 completed, Avg Loss: 3.0121
Shard 2-5, Slice 3/3, Epoch 69 completed, Avg Loss: 2.9916
Shard 2-5, Slice 3/3, Epoch 70 completed, Avg Loss: 2.9894
Shard 2-5, Slice 3/3, Epoch 71 completed, Avg Loss: 2.9697
Shard 2-5, Slice 3/3, Epoch 72 completed, Avg Loss: 2.9558
Shard 2-5, Slice 3/3, Epoch 73 completed, Avg Loss: 2.9530
Shard 2-5, Slice 3/3, Epoch 74 completed, Avg Loss: 2.9346
Shard 2-5, Slice 3/3, Epoch 75 completed, Avg Loss: 2.9227
Shard 2-5, Slice 3/3, Epoch 76 completed, Avg Loss: 2.9097
Shard 2-5, Slice 3/3, Epoch 77 completed, Avg Loss: 2.9009
Shard 2-5, Slice 3/3, Epoch 78 completed, Avg Loss: 2.8873
Shard 2-5, Slice 3/3, Epoch 79 completed, Avg Loss: 2.8827
Shard 2-5, Slice 3/3, Epoch 80 completed, Avg Loss: 2.8533
Shard 2-5, Slice 3/3, Epoch 81 completed, Avg Loss: 2.8646
Shard 2-5, Slice 3/3, Epoch 82 completed, Avg Loss: 2.8505
Shard 2-5, Slice 3/3, Epoch 83 completed, Avg Loss: 2.8172
Shard 2-5, Slice 3/3, Epoch 84 completed, Avg Loss: 2.8200
Shard 2-5, Slice 3/3, Epoch 85 completed, Avg Loss: 2.7927
Shard 2-5, Slice 3/3, Epoch 86 completed, Avg Loss: 2.7885
Shard 2-5, Slice 3/3, Epoch 87 completed, Avg Loss: 2.7734
Shard 2-5, Slice 3/3, Epoch 88 completed, Avg Loss: 2.7649
Shard 2-5, Slice 3/3, Epoch 89 completed, Avg Loss: 2.7629
Shard 2-5, Slice 3/3, Epoch 90 completed, Avg Loss: 2.7448
Shard 2-5, Slice 3/3, Epoch 91 completed, Avg Loss: 2.7409
Shard 2-5, Slice 3/3, Epoch 92 completed, Avg Loss: 2.7255
Shard 2-5, Slice 3/3, Epoch 93 completed, Avg Loss: 2.6918
Shard 2-5, Slice 3/3, Epoch 94 completed, Avg Loss: 2.6945
Shard 2-5, Slice 3/3, Epoch 95 completed, Avg Loss: 2.6889
Shard 2-5, Slice 3/3, Epoch 96 completed, Avg Loss: 2.6643
Shard 2-5, Slice 3/3, Epoch 97 completed, Avg Loss: 2.6575
Shard 2-5, Slice 3/3, Epoch 98 completed, Avg Loss: 2.6533
Shard 2-5, Slice 3/3, Epoch 99 completed, Avg Loss: 2.6464
Shard 2-5, Slice 3/3, Epoch 100 completed, Avg Loss: 2.6297
Shard 2-5, Slice 3/3, Epoch 101 completed, Avg Loss: 2.6392
Shard 2-5, Slice 3/3, Epoch 102 completed, Avg Loss: 2.6177
Shard 2-5, Slice 3/3, Epoch 103 completed, Avg Loss: 2.6042
Shard 2-5, Slice 3/3, Epoch 104 completed, Avg Loss: 2.5890
Shard 2-5, Slice 3/3, Epoch 105 completed, Avg Loss: 2.5902
Shard 2-5, Slice 3/3, Epoch 106 completed, Avg Loss: 2.5788
Shard 2-5, Slice 3/3, Epoch 107 completed, Avg Loss: 2.5762
Shard 2-5, Slice 3/3, Epoch 108 completed, Avg Loss: 2.5462
Shard 2-5, Slice 3/3, Epoch 109 completed, Avg Loss: 2.5393
Shard 2-5, Slice 3/3, Epoch 110 completed, Avg Loss: 2.5312
Shard 2-5, Slice 3/3, Epoch 111 completed, Avg Loss: 2.5227
Shard 2-5, Slice 3/3, Epoch 112 completed, Avg Loss: 2.5074
Shard 2-5, Slice 3/3, Epoch 113 completed, Avg Loss: 2.5055
Shard 2-5, Slice 3/3, Epoch 114 completed, Avg Loss: 2.4771
Shard 2-5, Slice 3/3, Epoch 115 completed, Avg Loss: 2.4844
Shard 2-5, Slice 3/3, Epoch 116 completed, Avg Loss: 2.5021
Shard 2-5, Slice 3/3, Epoch 117 completed, Avg Loss: 2.4914
Shard 2-5, Slice 3/3, Epoch 118 completed, Avg Loss: 2.4459
Shard 2-5, Slice 3/3, Epoch 119 completed, Avg Loss: 2.4411
Shard 2-5, Slice 3/3, Epoch 120 completed, Avg Loss: 2.4168
Intermediate model for Shard 2, Slice 3 saved.
Final model for Shard 2 saved.
args.shard_index: 2
原始数据加载完成，共 429914 条记录
loss model start training index: 2
1680
提取 Shard 2 中的全部数据
dataset_len
加载的 Error DataFrame 示例：
                                             lat_grid  ... final_grid_label
62  [859, 858, 857, 856, 856, 855, 854, 853, 852, ...  ...           [4, 0]
63  [811, 810, 810, 810, 810, 810, 810, 810, 810, ...  ...           [2, 2]

[2 rows x 3 columns]
Shard 2, Loss model, Epoch 1/200, Loss: 2.4717
Shard 2, Loss model, Epoch 2/200, Loss: 1.4458
Shard 2, Loss model, Epoch 3/200, Loss: 1.4480
Shard 2, Loss model, Epoch 4/200, Loss: 1.4524
Shard 2, Loss model, Epoch 5/200, Loss: 1.4552
Shard 2, Loss model, Epoch 6/200, Loss: 1.4458
Shard 2, Loss model, Epoch 7/200, Loss: 1.4468
Shard 2, Loss model, Epoch 8/200, Loss: 1.4504
Shard 2, Loss model, Epoch 9/200, Loss: 1.4474
Shard 2, Loss model, Epoch 10/200, Loss: 1.4431
Shard 2, Loss model, Epoch 11/200, Loss: 1.4419
Shard 2, Loss model, Epoch 12/200, Loss: 1.4400
Shard 2, Loss model, Epoch 13/200, Loss: 1.4448
Shard 2, Loss model, Epoch 14/200, Loss: 1.4451
Shard 2, Loss model, Epoch 15/200, Loss: 1.4458
Shard 2, Loss model, Epoch 16/200, Loss: 1.4449
Shard 2, Loss model, Epoch 17/200, Loss: 1.4450
Shard 2, Loss model, Epoch 18/200, Loss: 1.4394
Shard 2, Loss model, Epoch 19/200, Loss: 1.4429
Shard 2, Loss model, Epoch 20/200, Loss: 1.4425
Shard 2, Loss model, Epoch 21/200, Loss: 1.4402
Shard 2, Loss model, Epoch 22/200, Loss: 1.4399
Shard 2, Loss model, Epoch 23/200, Loss: 1.4342
Shard 2, Loss model, Epoch 24/200, Loss: 1.4362
Shard 2, Loss model, Epoch 25/200, Loss: 1.4358
Shard 2, Loss model, Epoch 26/200, Loss: 1.4375
Shard 2, Loss model, Epoch 27/200, Loss: 1.4326
Shard 2, Loss model, Epoch 28/200, Loss: nan
Shard 2, Loss model, Epoch 29/200, Loss: nan
Shard 2, Loss model, Epoch 30/200, Loss: nan
Shard 2, Loss model, Epoch 31/200, Loss: nan
Shard 2, Loss model, Epoch 32/200, Loss: nan
Shard 2, Loss model, Epoch 33/200, Loss: nan
Shard 2, Loss model, Epoch 34/200, Loss: nan
Shard 2, Loss model, Epoch 35/200, Loss: nan
Shard 2, Loss model, Epoch 36/200, Loss: nan
Shard 2, Loss model, Epoch 37/200, Loss: nan
Shard 2, Loss model, Epoch 38/200, Loss: nan
Shard 2, Loss model, Epoch 39/200, Loss: nan
Shard 2, Loss model, Epoch 40/200, Loss: nan
Shard 2, Loss model, Epoch 41/200, Loss: nan
Shard 2, Loss model, Epoch 42/200, Loss: nan
Shard 2, Loss model, Epoch 43/200, Loss: nan
Shard 2, Loss model, Epoch 44/200, Loss: nan
Shard 2, Loss model, Epoch 45/200, Loss: nan
Shard 2, Loss model, Epoch 46/200, Loss: nan
Shard 2, Loss model, Epoch 47/200, Loss: nan
== Early stopping triggered at epoch 47 ==
Loss Model for Shard 2 saved to ./taxi_data_Singapore_temp_0317/Model_shard_5_slice_3/3_1_SISA_Random_lstm/shard_loss_model/final_loss_model_shard-idx_2_shard-num_5.pth
Loss Model training completed.
