args.shard_index: 4
原始数据加载完成，共 429914 条记录
model A start training index: 4
./taxi_dat
<class 'dict'>
[75826, 15234, 62953, 46572, 63665, 29084, 70015, 39989, 76337, 75901]
slice 1 contain 27387 data
start training . . . . 
Shard 4-5, Slice 1/3, Epoch 1 completed, Avg Loss: 59.8502
Shard 4-5, Slice 1/3, Epoch 2 completed, Avg Loss: 35.7757
Shard 4-5, Slice 1/3, Epoch 3 completed, Avg Loss: 21.4932
Shard 4-5, Slice 1/3, Epoch 4 completed, Avg Loss: 16.6749
Shard 4-5, Slice 1/3, Epoch 5 completed, Avg Loss: 13.8061
Shard 4-5, Slice 1/3, Epoch 6 completed, Avg Loss: 12.5427
Shard 4-5, Slice 1/3, Epoch 7 completed, Avg Loss: 11.7491
Shard 4-5, Slice 1/3, Epoch 8 completed, Avg Loss: 10.7157
Shard 4-5, Slice 1/3, Epoch 9 completed, Avg Loss: 10.2669
Shard 4-5, Slice 1/3, Epoch 10 completed, Avg Loss: 9.9017
Shard 4-5, Slice 1/3, Epoch 11 completed, Avg Loss: 9.3749
Shard 4-5, Slice 1/3, Epoch 12 completed, Avg Loss: 9.6612
Shard 4-5, Slice 1/3, Epoch 13 completed, Avg Loss: 10.0222
Shard 4-5, Slice 1/3, Epoch 14 completed, Avg Loss: 9.5690
Shard 4-5, Slice 1/3, Epoch 15 completed, Avg Loss: 8.8777
Shard 4-5, Slice 1/3, Epoch 16 completed, Avg Loss: 8.6390
Shard 4-5, Slice 1/3, Epoch 17 completed, Avg Loss: 8.4677
Shard 4-5, Slice 1/3, Epoch 18 completed, Avg Loss: 8.1796
Shard 4-5, Slice 1/3, Epoch 19 completed, Avg Loss: 8.1103
Shard 4-5, Slice 1/3, Epoch 20 completed, Avg Loss: 7.8683
Shard 4-5, Slice 1/3, Epoch 21 completed, Avg Loss: 7.7668
Shard 4-5, Slice 1/3, Epoch 22 completed, Avg Loss: 7.8467
Shard 4-5, Slice 1/3, Epoch 23 completed, Avg Loss: 7.9612
Shard 4-5, Slice 1/3, Epoch 24 completed, Avg Loss: 7.6941
Shard 4-5, Slice 1/3, Epoch 25 completed, Avg Loss: 7.5639
Shard 4-5, Slice 1/3, Epoch 26 completed, Avg Loss: 7.7583
Shard 4-5, Slice 1/3, Epoch 27 completed, Avg Loss: 7.4903
Shard 4-5, Slice 1/3, Epoch 28 completed, Avg Loss: 7.4341
Shard 4-5, Slice 1/3, Epoch 29 completed, Avg Loss: 7.8629
Shard 4-5, Slice 1/3, Epoch 30 completed, Avg Loss: 8.1764
Shard 4-5, Slice 1/3, Epoch 31 completed, Avg Loss: 7.9566
Shard 4-5, Slice 1/3, Epoch 32 completed, Avg Loss: 7.6157
Shard 4-5, Slice 1/3, Epoch 33 completed, Avg Loss: 7.4500
Shard 4-5, Slice 1/3, Epoch 34 completed, Avg Loss: 7.5053
Shard 4-5, Slice 1/3, Epoch 35 completed, Avg Loss: 7.3883
Shard 4-5, Slice 1/3, Epoch 36 completed, Avg Loss: 7.2113
Shard 4-5, Slice 1/3, Epoch 37 completed, Avg Loss: 7.2563
Shard 4-5, Slice 1/3, Epoch 38 completed, Avg Loss: 7.1393
Shard 4-5, Slice 1/3, Epoch 39 completed, Avg Loss: 7.3810
Shard 4-5, Slice 1/3, Epoch 40 completed, Avg Loss: 7.2515
Intermediate model for Shard 4, Slice 1 saved.
[7040, 27844, 34314, 59858, 65335, 68393, 69708, 1001, 25404, 37121]
slice 2 contain 52374 data
start training . . . . 
Shard 4-5, Slice 2/3, Epoch 1 completed, Avg Loss: 8.1152
Shard 4-5, Slice 2/3, Epoch 2 completed, Avg Loss: 7.8264
Shard 4-5, Slice 2/3, Epoch 3 completed, Avg Loss: 7.6615
Shard 4-5, Slice 2/3, Epoch 4 completed, Avg Loss: 7.5001
Shard 4-5, Slice 2/3, Epoch 5 completed, Avg Loss: 7.6424
Shard 4-5, Slice 2/3, Epoch 6 completed, Avg Loss: 7.5171
Shard 4-5, Slice 2/3, Epoch 7 completed, Avg Loss: 7.3297
Shard 4-5, Slice 2/3, Epoch 8 completed, Avg Loss: 7.3216
Shard 4-5, Slice 2/3, Epoch 9 completed, Avg Loss: 7.3551
Shard 4-5, Slice 2/3, Epoch 10 completed, Avg Loss: 7.1909
Shard 4-5, Slice 2/3, Epoch 11 completed, Avg Loss: 7.2155
Shard 4-5, Slice 2/3, Epoch 12 completed, Avg Loss: 7.2709
Shard 4-5, Slice 2/3, Epoch 13 completed, Avg Loss: 7.1472
Shard 4-5, Slice 2/3, Epoch 14 completed, Avg Loss: 7.1180
Shard 4-5, Slice 2/3, Epoch 15 completed, Avg Loss: 7.2027
Shard 4-5, Slice 2/3, Epoch 16 completed, Avg Loss: 6.9765
Shard 4-5, Slice 2/3, Epoch 17 completed, Avg Loss: 7.0042
Shard 4-5, Slice 2/3, Epoch 18 completed, Avg Loss: 6.9655
Shard 4-5, Slice 2/3, Epoch 19 completed, Avg Loss: 7.0170
Shard 4-5, Slice 2/3, Epoch 20 completed, Avg Loss: 7.2036
Shard 4-5, Slice 2/3, Epoch 21 completed, Avg Loss: 7.1987
Shard 4-5, Slice 2/3, Epoch 22 completed, Avg Loss: 7.2072
Shard 4-5, Slice 2/3, Epoch 23 completed, Avg Loss: 7.0853
Shard 4-5, Slice 2/3, Epoch 24 completed, Avg Loss: 7.0302
Shard 4-5, Slice 2/3, Epoch 25 completed, Avg Loss: 7.0000
Shard 4-5, Slice 2/3, Epoch 26 completed, Avg Loss: 7.0174
Shard 4-5, Slice 2/3, Epoch 27 completed, Avg Loss: 6.8973
Shard 4-5, Slice 2/3, Epoch 28 completed, Avg Loss: 7.0343
Shard 4-5, Slice 2/3, Epoch 29 completed, Avg Loss: 6.9102
Shard 4-5, Slice 2/3, Epoch 30 completed, Avg Loss: 6.8382
Shard 4-5, Slice 2/3, Epoch 31 completed, Avg Loss: 6.8317
Shard 4-5, Slice 2/3, Epoch 32 completed, Avg Loss: 6.8874
Shard 4-5, Slice 2/3, Epoch 33 completed, Avg Loss: 6.7587
Shard 4-5, Slice 2/3, Epoch 34 completed, Avg Loss: 6.7044
Shard 4-5, Slice 2/3, Epoch 35 completed, Avg Loss: 6.7298
Shard 4-5, Slice 2/3, Epoch 36 completed, Avg Loss: 6.6751
Shard 4-5, Slice 2/3, Epoch 37 completed, Avg Loss: 6.7040
Shard 4-5, Slice 2/3, Epoch 38 completed, Avg Loss: 6.6590
Shard 4-5, Slice 2/3, Epoch 39 completed, Avg Loss: 6.7214
Shard 4-5, Slice 2/3, Epoch 40 completed, Avg Loss: 6.7761
Shard 4-5, Slice 2/3, Epoch 41 completed, Avg Loss: 6.6712
Shard 4-5, Slice 2/3, Epoch 42 completed, Avg Loss: 6.5815
Shard 4-5, Slice 2/3, Epoch 43 completed, Avg Loss: 6.5934
Shard 4-5, Slice 2/3, Epoch 44 completed, Avg Loss: 6.6239
Shard 4-5, Slice 2/3, Epoch 45 completed, Avg Loss: 6.5901
Shard 4-5, Slice 2/3, Epoch 46 completed, Avg Loss: 6.6047
Shard 4-5, Slice 2/3, Epoch 47 completed, Avg Loss: 6.5298
Shard 4-5, Slice 2/3, Epoch 48 completed, Avg Loss: 6.4999
Shard 4-5, Slice 2/3, Epoch 49 completed, Avg Loss: 7.3433
Shard 4-5, Slice 2/3, Epoch 50 completed, Avg Loss: 6.7474
Shard 4-5, Slice 2/3, Epoch 51 completed, Avg Loss: 6.6865
Shard 4-5, Slice 2/3, Epoch 52 completed, Avg Loss: 6.6430
Shard 4-5, Slice 2/3, Epoch 53 completed, Avg Loss: 6.4124
Shard 4-5, Slice 2/3, Epoch 54 completed, Avg Loss: 6.5020
Shard 4-5, Slice 2/3, Epoch 55 completed, Avg Loss: 6.3892
Shard 4-5, Slice 2/3, Epoch 56 completed, Avg Loss: 6.4739
Shard 4-5, Slice 2/3, Epoch 57 completed, Avg Loss: 6.3956
Shard 4-5, Slice 2/3, Epoch 58 completed, Avg Loss: 6.3387
Shard 4-5, Slice 2/3, Epoch 59 completed, Avg Loss: 6.3461
Shard 4-5, Slice 2/3, Epoch 60 completed, Avg Loss: 6.3727
Shard 4-5, Slice 2/3, Epoch 61 completed, Avg Loss: 6.4289
Shard 4-5, Slice 2/3, Epoch 62 completed, Avg Loss: 6.3570
Shard 4-5, Slice 2/3, Epoch 63 completed, Avg Loss: 6.4160
Shard 4-5, Slice 2/3, Epoch 64 completed, Avg Loss: 6.4963
Shard 4-5, Slice 2/3, Epoch 65 completed, Avg Loss: 6.4349
Shard 4-5, Slice 2/3, Epoch 66 completed, Avg Loss: 6.3472
Shard 4-5, Slice 2/3, Epoch 67 completed, Avg Loss: 6.3255
Shard 4-5, Slice 2/3, Epoch 68 completed, Avg Loss: 6.6598
Shard 4-5, Slice 2/3, Epoch 69 completed, Avg Loss: 6.5806
Shard 4-5, Slice 2/3, Epoch 70 completed, Avg Loss: 6.3658
Shard 4-5, Slice 2/3, Epoch 71 completed, Avg Loss: 6.2593
Shard 4-5, Slice 2/3, Epoch 72 completed, Avg Loss: 6.2557
Shard 4-5, Slice 2/3, Epoch 73 completed, Avg Loss: 6.3565
Shard 4-5, Slice 2/3, Epoch 74 completed, Avg Loss: 6.2805
Shard 4-5, Slice 2/3, Epoch 75 completed, Avg Loss: 6.2424
Shard 4-5, Slice 2/3, Epoch 76 completed, Avg Loss: 6.3513
Shard 4-5, Slice 2/3, Epoch 77 completed, Avg Loss: 6.4713
Shard 4-5, Slice 2/3, Epoch 78 completed, Avg Loss: 6.4126
Shard 4-5, Slice 2/3, Epoch 79 completed, Avg Loss: 6.3838
Shard 4-5, Slice 2/3, Epoch 80 completed, Avg Loss: 6.2743
Intermediate model for Shard 4, Slice 2 saved.
[67711, 72562, 64171, 45576, 67028, 28049, 68136, 62247, 59393, 61263]
slice 3 contain 77308 data
start training . . . . 
Shard 4-5, Slice 3/3, Epoch 1 completed, Avg Loss: 6.5548
Shard 4-5, Slice 3/3, Epoch 2 completed, Avg Loss: 6.6286
Shard 4-5, Slice 3/3, Epoch 3 completed, Avg Loss: 6.6881
Shard 4-5, Slice 3/3, Epoch 4 completed, Avg Loss: 6.3895
Shard 4-5, Slice 3/3, Epoch 5 completed, Avg Loss: 6.2355
Shard 4-5, Slice 3/3, Epoch 6 completed, Avg Loss: 6.1260
Shard 4-5, Slice 3/3, Epoch 7 completed, Avg Loss: 6.1919
Shard 4-5, Slice 3/3, Epoch 8 completed, Avg Loss: 6.1468
Shard 4-5, Slice 3/3, Epoch 9 completed, Avg Loss: 6.1623
Shard 4-5, Slice 3/3, Epoch 10 completed, Avg Loss: 6.1675
Shard 4-5, Slice 3/3, Epoch 11 completed, Avg Loss: 6.1110
Shard 4-5, Slice 3/3, Epoch 12 completed, Avg Loss: 6.1051
Shard 4-5, Slice 3/3, Epoch 13 completed, Avg Loss: 6.0118
Shard 4-5, Slice 3/3, Epoch 14 completed, Avg Loss: 5.9513
Shard 4-5, Slice 3/3, Epoch 15 completed, Avg Loss: 5.9280
Shard 4-5, Slice 3/3, Epoch 16 completed, Avg Loss: 6.0814
Shard 4-5, Slice 3/3, Epoch 17 completed, Avg Loss: 5.9764
Shard 4-5, Slice 3/3, Epoch 18 completed, Avg Loss: 5.9799
Shard 4-5, Slice 3/3, Epoch 19 completed, Avg Loss: 5.9678
Shard 4-5, Slice 3/3, Epoch 20 completed, Avg Loss: 6.0549
Shard 4-5, Slice 3/3, Epoch 21 completed, Avg Loss: 6.1108
Shard 4-5, Slice 3/3, Epoch 22 completed, Avg Loss: 6.6352
Shard 4-5, Slice 3/3, Epoch 23 completed, Avg Loss: 6.1149
Shard 4-5, Slice 3/3, Epoch 24 completed, Avg Loss: 6.3963
Shard 4-5, Slice 3/3, Epoch 25 completed, Avg Loss: 7.1448
Shard 4-5, Slice 3/3, Epoch 26 completed, Avg Loss: 6.8016
Shard 4-5, Slice 3/3, Epoch 27 completed, Avg Loss: 6.5065
Shard 4-5, Slice 3/3, Epoch 28 completed, Avg Loss: 6.2920
Shard 4-5, Slice 3/3, Epoch 29 completed, Avg Loss: 6.1914
Shard 4-5, Slice 3/3, Epoch 30 completed, Avg Loss: 6.1365
Shard 4-5, Slice 3/3, Epoch 31 completed, Avg Loss: 6.0942
Shard 4-5, Slice 3/3, Epoch 32 completed, Avg Loss: 5.5360
Shard 4-5, Slice 3/3, Epoch 33 completed, Avg Loss: 5.2891
Shard 4-5, Slice 3/3, Epoch 34 completed, Avg Loss: 5.1631
Shard 4-5, Slice 3/3, Epoch 35 completed, Avg Loss: 5.0900
Shard 4-5, Slice 3/3, Epoch 36 completed, Avg Loss: 5.0060
Shard 4-5, Slice 3/3, Epoch 37 completed, Avg Loss: 4.9397
Shard 4-5, Slice 3/3, Epoch 38 completed, Avg Loss: 4.8917
Shard 4-5, Slice 3/3, Epoch 39 completed, Avg Loss: 4.8261
Shard 4-5, Slice 3/3, Epoch 40 completed, Avg Loss: 4.7944
Shard 4-5, Slice 3/3, Epoch 41 completed, Avg Loss: 4.7456
Shard 4-5, Slice 3/3, Epoch 42 completed, Avg Loss: 4.6993
Shard 4-5, Slice 3/3, Epoch 43 completed, Avg Loss: 4.6667
Shard 4-5, Slice 3/3, Epoch 44 completed, Avg Loss: 4.6127
Shard 4-5, Slice 3/3, Epoch 45 completed, Avg Loss: 4.5891
Shard 4-5, Slice 3/3, Epoch 46 completed, Avg Loss: 4.5372
Shard 4-5, Slice 3/3, Epoch 47 completed, Avg Loss: 4.5157
Shard 4-5, Slice 3/3, Epoch 48 completed, Avg Loss: 4.4816
Shard 4-5, Slice 3/3, Epoch 49 completed, Avg Loss: 4.4614
Shard 4-5, Slice 3/3, Epoch 50 completed, Avg Loss: 4.4175
Shard 4-5, Slice 3/3, Epoch 51 completed, Avg Loss: 4.3832
Shard 4-5, Slice 3/3, Epoch 52 completed, Avg Loss: 4.3714
Shard 4-5, Slice 3/3, Epoch 53 completed, Avg Loss: 4.3227
Shard 4-5, Slice 3/3, Epoch 54 completed, Avg Loss: 4.3072
Shard 4-5, Slice 3/3, Epoch 55 completed, Avg Loss: 4.3006
Shard 4-5, Slice 3/3, Epoch 56 completed, Avg Loss: 4.2541
Shard 4-5, Slice 3/3, Epoch 57 completed, Avg Loss: 4.2314
Shard 4-5, Slice 3/3, Epoch 58 completed, Avg Loss: 4.2088
Shard 4-5, Slice 3/3, Epoch 59 completed, Avg Loss: 4.1864
Shard 4-5, Slice 3/3, Epoch 60 completed, Avg Loss: 4.1789
Shard 4-5, Slice 3/3, Epoch 61 completed, Avg Loss: 4.1601
Shard 4-5, Slice 3/3, Epoch 62 completed, Avg Loss: 4.1138
Shard 4-5, Slice 3/3, Epoch 63 completed, Avg Loss: 4.0881
Shard 4-5, Slice 3/3, Epoch 64 completed, Avg Loss: 4.0750
Shard 4-5, Slice 3/3, Epoch 65 completed, Avg Loss: 4.0492
Shard 4-5, Slice 3/3, Epoch 66 completed, Avg Loss: 4.0318
Shard 4-5, Slice 3/3, Epoch 67 completed, Avg Loss: 3.9918
Shard 4-5, Slice 3/3, Epoch 68 completed, Avg Loss: 3.9865
Shard 4-5, Slice 3/3, Epoch 69 completed, Avg Loss: 3.9757
Shard 4-5, Slice 3/3, Epoch 70 completed, Avg Loss: 3.9552
Shard 4-5, Slice 3/3, Epoch 71 completed, Avg Loss: 3.9551
Shard 4-5, Slice 3/3, Epoch 72 completed, Avg Loss: 3.9246
Shard 4-5, Slice 3/3, Epoch 73 completed, Avg Loss: 3.9092
Shard 4-5, Slice 3/3, Epoch 74 completed, Avg Loss: 3.8889
Shard 4-5, Slice 3/3, Epoch 75 completed, Avg Loss: 3.8449
Shard 4-5, Slice 3/3, Epoch 76 completed, Avg Loss: 3.8325
Shard 4-5, Slice 3/3, Epoch 77 completed, Avg Loss: 3.8054
Shard 4-5, Slice 3/3, Epoch 78 completed, Avg Loss: 3.7923
Shard 4-5, Slice 3/3, Epoch 79 completed, Avg Loss: 3.7713
Shard 4-5, Slice 3/3, Epoch 80 completed, Avg Loss: 3.7538
Shard 4-5, Slice 3/3, Epoch 81 completed, Avg Loss: 3.7223
Shard 4-5, Slice 3/3, Epoch 82 completed, Avg Loss: 3.7062
Shard 4-5, Slice 3/3, Epoch 83 completed, Avg Loss: 3.7028
Shard 4-5, Slice 3/3, Epoch 84 completed, Avg Loss: 3.6787
Shard 4-5, Slice 3/3, Epoch 85 completed, Avg Loss: 3.6489
Shard 4-5, Slice 3/3, Epoch 86 completed, Avg Loss: 3.6396
Shard 4-5, Slice 3/3, Epoch 87 completed, Avg Loss: 3.6157
Shard 4-5, Slice 3/3, Epoch 88 completed, Avg Loss: 3.6070
Shard 4-5, Slice 3/3, Epoch 89 completed, Avg Loss: 3.6192
Shard 4-5, Slice 3/3, Epoch 90 completed, Avg Loss: 3.5933
Shard 4-5, Slice 3/3, Epoch 91 completed, Avg Loss: 3.5698
Shard 4-5, Slice 3/3, Epoch 92 completed, Avg Loss: 3.5767
Shard 4-5, Slice 3/3, Epoch 93 completed, Avg Loss: 3.5344
Shard 4-5, Slice 3/3, Epoch 94 completed, Avg Loss: 3.5132
Shard 4-5, Slice 3/3, Epoch 95 completed, Avg Loss: 3.4904
Shard 4-5, Slice 3/3, Epoch 96 completed, Avg Loss: 3.4786
Shard 4-5, Slice 3/3, Epoch 97 completed, Avg Loss: 3.4642
Shard 4-5, Slice 3/3, Epoch 98 completed, Avg Loss: 3.4529
Shard 4-5, Slice 3/3, Epoch 99 completed, Avg Loss: 3.4467
Shard 4-5, Slice 3/3, Epoch 100 completed, Avg Loss: 3.4245
Shard 4-5, Slice 3/3, Epoch 101 completed, Avg Loss: 3.4250
Shard 4-5, Slice 3/3, Epoch 102 completed, Avg Loss: 3.3877
Shard 4-5, Slice 3/3, Epoch 103 completed, Avg Loss: 3.3602
Shard 4-5, Slice 3/3, Epoch 104 completed, Avg Loss: 3.3489
Shard 4-5, Slice 3/3, Epoch 105 completed, Avg Loss: 3.3393
Shard 4-5, Slice 3/3, Epoch 106 completed, Avg Loss: 3.3337
Shard 4-5, Slice 3/3, Epoch 107 completed, Avg Loss: 3.3168
Shard 4-5, Slice 3/3, Epoch 108 completed, Avg Loss: 3.2923
Shard 4-5, Slice 3/3, Epoch 109 completed, Avg Loss: 3.2801
Shard 4-5, Slice 3/3, Epoch 110 completed, Avg Loss: 3.2597
Shard 4-5, Slice 3/3, Epoch 111 completed, Avg Loss: 3.2434
Shard 4-5, Slice 3/3, Epoch 112 completed, Avg Loss: 3.2348
Shard 4-5, Slice 3/3, Epoch 113 completed, Avg Loss: 3.2342
Shard 4-5, Slice 3/3, Epoch 114 completed, Avg Loss: 3.2074
Shard 4-5, Slice 3/3, Epoch 115 completed, Avg Loss: 3.1854
Shard 4-5, Slice 3/3, Epoch 116 completed, Avg Loss: 3.2110
Shard 4-5, Slice 3/3, Epoch 117 completed, Avg Loss: 3.2278
Shard 4-5, Slice 3/3, Epoch 118 completed, Avg Loss: 3.2290
Shard 4-5, Slice 3/3, Epoch 119 completed, Avg Loss: 3.3949
Shard 4-5, Slice 3/3, Epoch 120 completed, Avg Loss: 3.4501
Intermediate model for Shard 4, Slice 3 saved.
Final model for Shard 4 saved.
args.shard_index: 4
原始数据加载完成，共 429914 条记录
loss model start training index: 4
1680
提取 Shard 4 中的全部数据
dataset_len
加载的 Error DataFrame 示例：
                                             lat_grid  ... final_grid_label
34  [460, 459, 459, 459, 459, 459, 459, 459, 459, ...  ...           [1, 0]
35  [458, 458, 458, 458, 458, 458, 458, 457, 457, ...  ...           [5, 1]

[2 rows x 3 columns]
Shard 4, Loss model, Epoch 1/200, Loss: 2.5334
Shard 4, Loss model, Epoch 2/200, Loss: 2.2550
Shard 4, Loss model, Epoch 3/200, Loss: 2.2370
Shard 4, Loss model, Epoch 4/200, Loss: 2.2229
Shard 4, Loss model, Epoch 5/200, Loss: 2.2163
Shard 4, Loss model, Epoch 6/200, Loss: 2.2170
Shard 4, Loss model, Epoch 7/200, Loss: 2.2081
Shard 4, Loss model, Epoch 8/200, Loss: 2.2084
Shard 4, Loss model, Epoch 9/200, Loss: 2.2090
Shard 4, Loss model, Epoch 10/200, Loss: 2.1964
Shard 4, Loss model, Epoch 11/200, Loss: 2.2078
Shard 4, Loss model, Epoch 12/200, Loss: 2.2102
Shard 4, Loss model, Epoch 13/200, Loss: 2.1977
Shard 4, Loss model, Epoch 14/200, Loss: 2.1990
Shard 4, Loss model, Epoch 15/200, Loss: 2.2050
Shard 4, Loss model, Epoch 16/200, Loss: 2.1919
Shard 4, Loss model, Epoch 17/200, Loss: 2.1988
Shard 4, Loss model, Epoch 18/200, Loss: 2.1986
Shard 4, Loss model, Epoch 19/200, Loss: 2.1963
Shard 4, Loss model, Epoch 20/200, Loss: 2.2009
Shard 4, Loss model, Epoch 21/200, Loss: 2.1951
Shard 4, Loss model, Epoch 22/200, Loss: 2.1934
Shard 4, Loss model, Epoch 23/200, Loss: 2.1926
Shard 4, Loss model, Epoch 24/200, Loss: 2.1975
Shard 4, Loss model, Epoch 25/200, Loss: 2.1946
Shard 4, Loss model, Epoch 26/200, Loss: 2.1951
Shard 4, Loss model, Epoch 27/200, Loss: 2.1965
Shard 4, Loss model, Epoch 28/200, Loss: 2.1953
Shard 4, Loss model, Epoch 29/200, Loss: 2.2008
Shard 4, Loss model, Epoch 30/200, Loss: 2.1961
Shard 4, Loss model, Epoch 31/200, Loss: 2.1977
Shard 4, Loss model, Epoch 32/200, Loss: 2.1950
Shard 4, Loss model, Epoch 33/200, Loss: 2.1613
Shard 4, Loss model, Epoch 34/200, Loss: 2.1544
Shard 4, Loss model, Epoch 35/200, Loss: 2.1507
Shard 4, Loss model, Epoch 36/200, Loss: 2.1478
Shard 4, Loss model, Epoch 37/200, Loss: 2.1450
Shard 4, Loss model, Epoch 38/200, Loss: 2.1411
Shard 4, Loss model, Epoch 39/200, Loss: 2.1377
Shard 4, Loss model, Epoch 40/200, Loss: 2.1356
Shard 4, Loss model, Epoch 41/200, Loss: 2.1343
Shard 4, Loss model, Epoch 42/200, Loss: 2.1305
Shard 4, Loss model, Epoch 43/200, Loss: 2.1267
Shard 4, Loss model, Epoch 44/200, Loss: 2.1237
Shard 4, Loss model, Epoch 45/200, Loss: 2.1213
Shard 4, Loss model, Epoch 46/200, Loss: 2.1186
Shard 4, Loss model, Epoch 47/200, Loss: 2.1157
Shard 4, Loss model, Epoch 48/200, Loss: 2.1126
Shard 4, Loss model, Epoch 49/200, Loss: 2.1089
Shard 4, Loss model, Epoch 50/200, Loss: 2.1063
Shard 4, Loss model, Epoch 51/200, Loss: 2.1037
Shard 4, Loss model, Epoch 52/200, Loss: 2.0997
Shard 4, Loss model, Epoch 53/200, Loss: 2.0966
Shard 4, Loss model, Epoch 54/200, Loss: 2.0949
Shard 4, Loss model, Epoch 55/200, Loss: 2.0883
Shard 4, Loss model, Epoch 56/200, Loss: 2.0861
Shard 4, Loss model, Epoch 57/200, Loss: 2.0819
Shard 4, Loss model, Epoch 58/200, Loss: 2.0809
Shard 4, Loss model, Epoch 59/200, Loss: 2.0731
Shard 4, Loss model, Epoch 60/200, Loss: 2.0700
Shard 4, Loss model, Epoch 61/200, Loss: 2.0660
Shard 4, Loss model, Epoch 62/200, Loss: 2.0588
Shard 4, Loss model, Epoch 63/200, Loss: 2.0553
Shard 4, Loss model, Epoch 64/200, Loss: 2.0531
Shard 4, Loss model, Epoch 65/200, Loss: 2.0472
Shard 4, Loss model, Epoch 66/200, Loss: 2.0442
Shard 4, Loss model, Epoch 67/200, Loss: 2.0391
Shard 4, Loss model, Epoch 68/200, Loss: 2.0336
Shard 4, Loss model, Epoch 69/200, Loss: 2.0281
Shard 4, Loss model, Epoch 70/200, Loss: 2.0216
Shard 4, Loss model, Epoch 71/200, Loss: 2.0196
Shard 4, Loss model, Epoch 72/200, Loss: 2.0160
Shard 4, Loss model, Epoch 73/200, Loss: 2.0098
Shard 4, Loss model, Epoch 74/200, Loss: 2.0026
Shard 4, Loss model, Epoch 75/200, Loss: 2.0002
Shard 4, Loss model, Epoch 76/200, Loss: 1.9938
Shard 4, Loss model, Epoch 77/200, Loss: 1.9935
Shard 4, Loss model, Epoch 78/200, Loss: 1.9845
Shard 4, Loss model, Epoch 79/200, Loss: 1.9795
Shard 4, Loss model, Epoch 80/200, Loss: 1.9717
Shard 4, Loss model, Epoch 81/200, Loss: 1.9630
Shard 4, Loss model, Epoch 82/200, Loss: 1.9576
Shard 4, Loss model, Epoch 83/200, Loss: 1.9513
Shard 4, Loss model, Epoch 84/200, Loss: 1.9481
Shard 4, Loss model, Epoch 85/200, Loss: 1.9388
Shard 4, Loss model, Epoch 86/200, Loss: 1.9335
Shard 4, Loss model, Epoch 87/200, Loss: 1.9232
Shard 4, Loss model, Epoch 88/200, Loss: 1.9226
Shard 4, Loss model, Epoch 89/200, Loss: 1.9136
Shard 4, Loss model, Epoch 90/200, Loss: 1.9057
Shard 4, Loss model, Epoch 91/200, Loss: 1.8972
Shard 4, Loss model, Epoch 92/200, Loss: 1.9043
Shard 4, Loss model, Epoch 93/200, Loss: 1.8873
Shard 4, Loss model, Epoch 94/200, Loss: 1.8768
Shard 4, Loss model, Epoch 95/200, Loss: 1.8717
Shard 4, Loss model, Epoch 96/200, Loss: 1.8650
Shard 4, Loss model, Epoch 97/200, Loss: 1.8546
Shard 4, Loss model, Epoch 98/200, Loss: 1.8513
Shard 4, Loss model, Epoch 99/200, Loss: 1.8407
Shard 4, Loss model, Epoch 100/200, Loss: 1.8414
Shard 4, Loss model, Epoch 101/200, Loss: 1.8272
Shard 4, Loss model, Epoch 102/200, Loss: 1.8253
Shard 4, Loss model, Epoch 103/200, Loss: 1.8121
Shard 4, Loss model, Epoch 104/200, Loss: 1.8032
Shard 4, Loss model, Epoch 105/200, Loss: 1.7968
Shard 4, Loss model, Epoch 106/200, Loss: 1.7880
Shard 4, Loss model, Epoch 107/200, Loss: 1.7841
Shard 4, Loss model, Epoch 108/200, Loss: 1.7673
Shard 4, Loss model, Epoch 109/200, Loss: 1.7644
Shard 4, Loss model, Epoch 110/200, Loss: 1.7634
Shard 4, Loss model, Epoch 111/200, Loss: 1.7538
Shard 4, Loss model, Epoch 112/200, Loss: 1.7392
Shard 4, Loss model, Epoch 113/200, Loss: 1.7347
Shard 4, Loss model, Epoch 114/200, Loss: 1.7309
Shard 4, Loss model, Epoch 115/200, Loss: 1.7190
Shard 4, Loss model, Epoch 116/200, Loss: 1.7113
Shard 4, Loss model, Epoch 117/200, Loss: 1.7008
Shard 4, Loss model, Epoch 118/200, Loss: 1.6926
Shard 4, Loss model, Epoch 119/200, Loss: 1.6857
Shard 4, Loss model, Epoch 120/200, Loss: 1.6860
Shard 4, Loss model, Epoch 121/200, Loss: 1.6778
Shard 4, Loss model, Epoch 122/200, Loss: 1.6640
Shard 4, Loss model, Epoch 123/200, Loss: 1.6518
Shard 4, Loss model, Epoch 124/200, Loss: 1.6446
Shard 4, Loss model, Epoch 125/200, Loss: 1.6398
Shard 4, Loss model, Epoch 126/200, Loss: 1.6282
Shard 4, Loss model, Epoch 127/200, Loss: 1.6162
Shard 4, Loss model, Epoch 128/200, Loss: 1.6106
Shard 4, Loss model, Epoch 129/200, Loss: 1.6056
Shard 4, Loss model, Epoch 130/200, Loss: 1.5928
Shard 4, Loss model, Epoch 131/200, Loss: 1.5858
Shard 4, Loss model, Epoch 132/200, Loss: 1.5772
Shard 4, Loss model, Epoch 133/200, Loss: 1.5634
Shard 4, Loss model, Epoch 134/200, Loss: 1.5726
Shard 4, Loss model, Epoch 135/200, Loss: 1.5686
Shard 4, Loss model, Epoch 136/200, Loss: 1.5494
Shard 4, Loss model, Epoch 137/200, Loss: 1.5330
Shard 4, Loss model, Epoch 138/200, Loss: 1.5277
Shard 4, Loss model, Epoch 139/200, Loss: 1.5143
Shard 4, Loss model, Epoch 140/200, Loss: 1.5173
Shard 4, Loss model, Epoch 141/200, Loss: 1.5015
Shard 4, Loss model, Epoch 142/200, Loss: 1.4941
Shard 4, Loss model, Epoch 143/200, Loss: 1.4954
Shard 4, Loss model, Epoch 144/200, Loss: 1.4773
Shard 4, Loss model, Epoch 145/200, Loss: 1.4746
Shard 4, Loss model, Epoch 146/200, Loss: 1.4634
Shard 4, Loss model, Epoch 147/200, Loss: 1.4633
Shard 4, Loss model, Epoch 148/200, Loss: 1.4513
Shard 4, Loss model, Epoch 149/200, Loss: 1.4432
Shard 4, Loss model, Epoch 150/200, Loss: 1.4421
Shard 4, Loss model, Epoch 151/200, Loss: 1.4240
Shard 4, Loss model, Epoch 152/200, Loss: 1.4188
Shard 4, Loss model, Epoch 153/200, Loss: 1.4077
Shard 4, Loss model, Epoch 154/200, Loss: 1.4035
Shard 4, Loss model, Epoch 155/200, Loss: 1.3994
Shard 4, Loss model, Epoch 156/200, Loss: 1.3987
Shard 4, Loss model, Epoch 157/200, Loss: 1.3790
Shard 4, Loss model, Epoch 158/200, Loss: 1.3715
Shard 4, Loss model, Epoch 159/200, Loss: 1.3540
Shard 4, Loss model, Epoch 160/200, Loss: 1.3556
Shard 4, Loss model, Epoch 161/200, Loss: 1.3591
Shard 4, Loss model, Epoch 162/200, Loss: 1.3399
Shard 4, Loss model, Epoch 163/200, Loss: 1.3447
Shard 4, Loss model, Epoch 164/200, Loss: 1.3259
Shard 4, Loss model, Epoch 165/200, Loss: 1.3231
Shard 4, Loss model, Epoch 166/200, Loss: 1.3264
Shard 4, Loss model, Epoch 167/200, Loss: 1.3304
Shard 4, Loss model, Epoch 168/200, Loss: 1.3193
Shard 4, Loss model, Epoch 169/200, Loss: 1.3040
Shard 4, Loss model, Epoch 170/200, Loss: 1.2970
Shard 4, Loss model, Epoch 171/200, Loss: 1.2844
Shard 4, Loss model, Epoch 172/200, Loss: 1.2651
Shard 4, Loss model, Epoch 173/200, Loss: 1.2625
Shard 4, Loss model, Epoch 174/200, Loss: 1.2571
Shard 4, Loss model, Epoch 175/200, Loss: 1.2490
Shard 4, Loss model, Epoch 176/200, Loss: 1.2432
Shard 4, Loss model, Epoch 177/200, Loss: 1.2447
Shard 4, Loss model, Epoch 178/200, Loss: 1.2302
Shard 4, Loss model, Epoch 179/200, Loss: 1.2295
Shard 4, Loss model, Epoch 180/200, Loss: 1.2253
Shard 4, Loss model, Epoch 181/200, Loss: 1.1998
Shard 4, Loss model, Epoch 182/200, Loss: 1.1945
Shard 4, Loss model, Epoch 183/200, Loss: 1.1902
Shard 4, Loss model, Epoch 184/200, Loss: 1.1875
Shard 4, Loss model, Epoch 185/200, Loss: 1.1663
Shard 4, Loss model, Epoch 186/200, Loss: 1.1885
Shard 4, Loss model, Epoch 187/200, Loss: 1.1790
Shard 4, Loss model, Epoch 188/200, Loss: 1.1737
Shard 4, Loss model, Epoch 189/200, Loss: 1.1776
Shard 4, Loss model, Epoch 190/200, Loss: 1.1591
Shard 4, Loss model, Epoch 191/200, Loss: 1.1356
Shard 4, Loss model, Epoch 192/200, Loss: 1.1309
Shard 4, Loss model, Epoch 193/200, Loss: 1.1273
Shard 4, Loss model, Epoch 194/200, Loss: 1.1265
Shard 4, Loss model, Epoch 195/200, Loss: 1.1120
Shard 4, Loss model, Epoch 196/200, Loss: 1.1085
Shard 4, Loss model, Epoch 197/200, Loss: 1.1145
Shard 4, Loss model, Epoch 198/200, Loss: 1.0938
Shard 4, Loss model, Epoch 199/200, Loss: 1.0767
Shard 4, Loss model, Epoch 200/200, Loss: 1.0717
Loss Model for Shard 4 saved to ./taxi_data_Singapore_temp_0317/Model_shard_5_slice_3/3_1_SISA_Random_lstm/shard_loss_model/final_loss_model_shard-idx_4_shard-num_5.pth
Loss Model training completed.
